[    0.000000] Initializing cgroup subsys cpuset
[    0.000000] Initializing cgroup subsys cpu
[    0.000000] Initializing cgroup subsys cpuacct
[    0.000000] Linux version 4.4.0-176-generic (buildd@lgw01-amd64-035) (gcc version 5.4.0 20160609 (Ubuntu 5.4.0-6ubuntu1~16.04.12) ) #206-Ubuntu SMP Fri Feb 28 05:02:04 UTC 2020 (Ubuntu 4.4.0-176.206-generic 4.4.211)
[    0.000000] Command line: BOOT_IMAGE=/boot/vmlinuz-4.4.0-176-generic root=LABEL=cloudimg-rootfs ro console=tty1 console=ttyS0
[    0.000000] KERNEL supported cpus:
[    0.000000]   Intel GenuineIntel
[    0.000000]   AMD AuthenticAMD
[    0.000000]   Centaur CentaurHauls
[    0.000000] x86/fpu: xstate_offset[2]:  576, xstate_sizes[2]:  256
[    0.000000] x86/fpu: Supporting XSAVE feature 0x01: 'x87 floating point registers'
[    0.000000] x86/fpu: Supporting XSAVE feature 0x02: 'SSE registers'
[    0.000000] x86/fpu: Supporting XSAVE feature 0x04: 'AVX registers'
[    0.000000] x86/fpu: Enabled xstate features 0x7, context size is 832 bytes, using 'standard' format.
[    0.000000] e820: BIOS-provided physical RAM map:
[    0.000000] BIOS-e820: [mem 0x0000000000000000-0x000000000009fbff] usable
[    0.000000] BIOS-e820: [mem 0x000000000009fc00-0x000000000009ffff] reserved
[    0.000000] BIOS-e820: [mem 0x00000000000f0000-0x00000000000fffff] reserved
[    0.000000] BIOS-e820: [mem 0x0000000000100000-0x000000003ffeffff] usable
[    0.000000] BIOS-e820: [mem 0x000000003fff0000-0x000000003fffffff] ACPI data
[    0.000000] BIOS-e820: [mem 0x00000000fec00000-0x00000000fec00fff] reserved
[    0.000000] BIOS-e820: [mem 0x00000000fee00000-0x00000000fee00fff] reserved
[    0.000000] BIOS-e820: [mem 0x00000000fffc0000-0x00000000ffffffff] reserved
[    0.000000] NX (Execute Disable) protection: active
[    0.000000] SMBIOS 2.5 present.
[    0.000000] Hypervisor detected: KVM
[    0.000000] e820: last_pfn = 0x3fff0 max_arch_pfn = 0x400000000
[    0.000000] MTRR: Disabled
[    0.000000] x86/PAT: MTRRs disabled, skipping PAT initialization too.
[    0.000000] CPU MTRRs all blank - virtualized system.
[    0.000000] x86/PAT: Configuration [0-7]: WB  WT  UC- UC  WB  WT  UC- UC  
[    0.000000] found SMP MP-table at [mem 0x0009fff0-0x0009ffff] mapped at [ffff88000009fff0]
[    0.000000] Scanning 1 areas for low memory corruption
[    0.000000] RAMDISK: [mem 0x362e0000-0x37167fff]
[    0.000000] ACPI: Early table checksum verification disabled
[    0.000000] ACPI: RSDP 0x00000000000E0000 000024 (v02 VBOX  )
[    0.000000] ACPI: XSDT 0x000000003FFF0030 00003C (v01 VBOX   VBOXXSDT 00000001 ASL  00000061)
[    0.000000] ACPI: FACP 0x000000003FFF00F0 0000F4 (v04 VBOX   VBOXFACP 00000001 ASL  00000061)
[    0.000000] ACPI: DSDT 0x000000003FFF0470 002325 (v02 VBOX   VBOXBIOS 00000002 INTL 20100528)
[    0.000000] ACPI: FACS 0x000000003FFF0200 000040
[    0.000000] ACPI: FACS 0x000000003FFF0200 000040
[    0.000000] ACPI: APIC 0x000000003FFF0240 00005C (v02 VBOX   VBOXAPIC 00000001 ASL  00000061)
[    0.000000] ACPI: SSDT 0x000000003FFF02A0 0001CC (v01 VBOX   VBOXCPUT 00000002 INTL 20100528)
[    0.000000] No NUMA configuration found
[    0.000000] Faking a node at [mem 0x0000000000000000-0x000000003ffeffff]
[    0.000000] NODE_DATA(0) allocated [mem 0x3ffeb000-0x3ffeffff]
[    0.000000] kvm-clock: Using msrs 4b564d01 and 4b564d00
[    0.000000] kvm-clock: cpu 0, msr 0:3ffe3001, primary cpu clock
[    0.000000] kvm-clock: using sched offset of 8166135060 cycles
[    0.000000] clocksource: kvm-clock: mask: 0xffffffffffffffff max_cycles: 0x1cd42e4dffb, max_idle_ns: 881590591483 ns
[    0.000000] Zone ranges:
[    0.000000]   DMA      [mem 0x0000000000001000-0x0000000000ffffff]
[    0.000000]   DMA32    [mem 0x0000000001000000-0x000000003ffeffff]
[    0.000000]   Normal   empty
[    0.000000]   Device   empty
[    0.000000] Movable zone start for each node
[    0.000000] Early memory node ranges
[    0.000000]   node   0: [mem 0x0000000000001000-0x000000000009efff]
[    0.000000]   node   0: [mem 0x0000000000100000-0x000000003ffeffff]
[    0.000000] Initmem setup node 0 [mem 0x0000000000001000-0x000000003ffeffff]
[    0.000000] ACPI: PM-Timer IO Port: 0x4008
[    0.000000] IOAPIC[0]: apic_id 2, version 32, address 0xfec00000, GSI 0-23
[    0.000000] ACPI: INT_SRC_OVR (bus 0 bus_irq 0 global_irq 2 dfl dfl)
[    0.000000] ACPI: INT_SRC_OVR (bus 0 bus_irq 9 global_irq 9 low level)
[    0.000000] Using ACPI (MADT) for SMP configuration information
[    0.000000] smpboot: Allowing 2 CPUs, 0 hotplug CPUs
[    0.000000] PM: Registered nosave memory: [mem 0x00000000-0x00000fff]
[    0.000000] PM: Registered nosave memory: [mem 0x0009f000-0x0009ffff]
[    0.000000] PM: Registered nosave memory: [mem 0x000a0000-0x000effff]
[    0.000000] PM: Registered nosave memory: [mem 0x000f0000-0x000fffff]
[    0.000000] e820: [mem 0x40000000-0xfebfffff] available for PCI devices
[    0.000000] Booting paravirtualized kernel on KVM
[    0.000000] clocksource: refined-jiffies: mask: 0xffffffff max_cycles: 0xffffffff, max_idle_ns: 7645519600211568 ns
[    0.000000] setup_percpu: NR_CPUS:512 nr_cpumask_bits:512 nr_cpu_ids:2 nr_node_ids:1
[    0.000000] PERCPU: Embedded 33 pages/cpu @ffff88003fc00000 s95448 r8192 d31528 u1048576
[    0.000000] Built 1 zonelists in Node order, mobility grouping on.  Total pages: 257912
[    0.000000] Policy zone: DMA32
[    0.000000] Kernel command line: BOOT_IMAGE=/boot/vmlinuz-4.4.0-176-generic root=LABEL=cloudimg-rootfs ro console=tty1 console=ttyS0
[    0.000000] PID hash table entries: 4096 (order: 3, 32768 bytes)
[    0.000000] Memory: 997672K/1048120K available (8626K kernel code, 1336K rwdata, 4032K rodata, 1488K init, 1292K bss, 50448K reserved, 0K cma-reserved)
[    0.000000] SLUB: HWalign=64, Order=0-3, MinObjects=0, CPUs=2, Nodes=1
[    0.000000] Kernel/User page tables isolation: enabled
[    0.000000] Hierarchical RCU implementation.
[    0.000000] 	Build-time adjustment of leaf fanout to 64.
[    0.000000] 	RCU restricting CPUs from NR_CPUS=512 to nr_cpu_ids=2.
[    0.000000] RCU: Adjusting geometry for rcu_fanout_leaf=64, nr_cpu_ids=2
[    0.000000] NR_IRQS:33024 nr_irqs:440 16
[    0.000000] Console: colour VGA+ 80x25
[    0.000000] console [tty1] enabled
[    0.000000] console [ttyS0] enabled
[    0.000000] tsc: Detected 1599.999 MHz processor
[    0.228579] Calibrating delay loop (skipped) preset value.. 3199.99 BogoMIPS (lpj=6399996)
[    0.231589] pid_max: default: 32768 minimum: 301
[    0.233172] ACPI: Core revision 20150930
[    0.236743] ACPI: 2 ACPI AML tables successfully acquired and loaded
[    0.239491] Security Framework initialized
[    0.241054] Yama: becoming mindful.
[    0.242493] AppArmor: AppArmor initialized
[    0.244180] Dentry cache hash table entries: 131072 (order: 8, 1048576 bytes)
[    0.249137] Inode-cache hash table entries: 65536 (order: 7, 524288 bytes)
[    0.251721] Mount-cache hash table entries: 2048 (order: 2, 16384 bytes)
[    0.254139] Mountpoint-cache hash table entries: 2048 (order: 2, 16384 bytes)
[    0.256786] Initializing cgroup subsys io
[    0.258494] Initializing cgroup subsys memory
[    0.259981] Initializing cgroup subsys devices
[    0.261514] Initializing cgroup subsys freezer
[    0.263402] Initializing cgroup subsys net_cls
[    0.264932] Initializing cgroup subsys perf_event
[    0.266787] Initializing cgroup subsys net_prio
[    0.268840] Initializing cgroup subsys hugetlb
[    0.270696] Initializing cgroup subsys pids
[    0.273508] mce: CPU supports 0 MCE banks
[    0.275319] Last level iTLB entries: 4KB 64, 2MB 8, 4MB 8
[    0.277866] Last level dTLB entries: 4KB 64, 2MB 0, 4MB 0, 1GB 4
[    0.280030] Spectre V1 : Mitigation: usercopy/swapgs barriers and __user pointer sanitization
[    0.283193] Spectre V2 : Mitigation: Full generic retpoline
[    0.285012] Spectre V2 : Spectre v2 / SpectreRSB mitigation: Filling RSB on context switch
[    0.288287] Speculative Store Bypass: Vulnerable
[    0.289889] MDS: Mitigation: Clear CPU buffers
[    0.296528] Freeing SMP alternatives memory: 36K
[    0.308476] ftrace: allocating 32305 entries in 127 pages
[    0.468673] smpboot: APIC(0) Converting physical 0 to logical package 0
[    0.471397] smpboot: Max logical packages: 1
[    0.473690] x2apic enabled
[    0.474990] Switched APIC routing to physical x2apic.
[    0.479026] ..TIMER: vector=0x30 apic1=0 pin1=2 apic2=-1 pin2=-1
[    0.589349] smpboot: CPU0: Intel(R) Core(TM) i5-5250U CPU @ 1.60GHz (family: 0x6, model: 0x3d, stepping: 0x4)
[    0.593334] Performance Events: unsupported p6 CPU model 61 no PMU driver, software events only.
[    0.611234] KVM setup paravirtual spinlock
[    0.613660] x86: Booting SMP configuration:
[    0.615446] .... node  #0, CPUs:      #1
[    0.617680] kvm-clock: cpu 1, msr 0:3ffe3041, secondary cpu clock
[    0.620900] mce: CPU supports 0 MCE banks
[    0.623963] x86: Booted up 1 node, 2 CPUs
[    0.626677] smpboot: Total of 2 processors activated (6399.99 BogoMIPS)
[    0.630104] devtmpfs: initialized
[    0.632964] evm: security.selinux
[    0.634292] evm: security.SMACK64
[    0.635553] evm: security.SMACK64EXEC
[    0.637414] evm: security.SMACK64TRANSMUTE
[    0.639061] evm: security.SMACK64MMAP
[    0.640562] evm: security.ima
[    0.641853] evm: security.capability
[    0.643568] clocksource: jiffies: mask: 0xffffffff max_cycles: 0xffffffff, max_idle_ns: 7645041785100000 ns
[    0.647751] futex hash table entries: 512 (order: 3, 32768 bytes)
[    0.650207] pinctrl core: initialized pinctrl subsystem
[    0.652517] RTC time: 15:02:41, date: 04/23/20
[    0.654410] NET: Registered protocol family 16
[    0.665946] cpuidle: using governor ladder
[    0.677850] cpuidle: using governor menu
[    0.679548] PCCT header not found.
[    0.681206] ACPI: bus type PCI registered
[    0.682637] acpiphp: ACPI Hot Plug PCI Controller Driver version: 0.5
[    0.684777] PCI: Using configuration type 1 for base access
[    0.698693] ACPI: Added _OSI(Module Device)
[    0.700528] ACPI: Added _OSI(Processor Device)
[    0.702250] ACPI: Added _OSI(3.0 _SCP Extensions)
[    0.704234] ACPI: Added _OSI(Processor Aggregator Device)
[    0.707740] ACPI: Executed 1 blocks of module-level executable AML code
[    0.712980] ACPI: Interpreter enabled
[    0.714436] ACPI: (supports S0 S5)
[    0.716130] ACPI: Using IOAPIC for interrupt routing
[    0.719370] PCI: Using host bridge windows from ACPI; if necessary, use "pci=nocrs" and report a bug
[    0.729916] ACPI: PCI Root Bridge [PCI0] (domain 0000 [bus 00-ff])
[    0.732318] acpi PNP0A03:00: _OSC: OS supports [ASPM ClockPM Segments MSI]
[    0.735063] acpi PNP0A03:00: _OSC: not requesting OS control; OS requires [ExtendedConfig ASPM ClockPM MSI]
[    0.739072] acpi PNP0A03:00: fail to add MMCONFIG information, can't access extended PCI configuration space under this bridge.
[    0.744361] PCI host bridge to bus 0000:00
[    0.746192] pci_bus 0000:00: root bus resource [io  0x0000-0x0cf7 window]
[    0.749238] pci_bus 0000:00: root bus resource [io  0x0d00-0xffff window]
[    0.751778] pci_bus 0000:00: root bus resource [mem 0x000a0000-0x000bffff window]
[    0.754852] pci_bus 0000:00: root bus resource [mem 0x40000000-0xfdffffff window]
[    0.758698] pci_bus 0000:00: root bus resource [bus 00-ff]
[    0.764127] pci 0000:00:01.1: legacy IDE quirk: reg 0x10: [io  0x01f0-0x01f7]
[    0.767386] pci 0000:00:01.1: legacy IDE quirk: reg 0x14: [io  0x03f6]
[    0.770658] pci 0000:00:01.1: legacy IDE quirk: reg 0x18: [io  0x0170-0x0177]
[    0.773494] pci 0000:00:01.1: legacy IDE quirk: reg 0x1c: [io  0x0376]
[    0.814406] pci 0000:00:07.0: quirk: [io  0x4000-0x403f] claimed by PIIX4 ACPI
[    0.818147] pci 0000:00:07.0: quirk: [io  0x4100-0x410f] claimed by PIIX4 SMB
[    0.837971] ACPI: PCI Interrupt Link [LNKA] (IRQs 5 9 10 *11)
[    0.841121] ACPI: PCI Interrupt Link [LNKB] (IRQs 5 9 *10 11)
[    0.843956] ACPI: PCI Interrupt Link [LNKC] (IRQs 5 *9 10 11)
[    0.847376] ACPI: PCI Interrupt Link [LNKD] (IRQs 5 9 10 *11)
[    0.850656] ACPI: Enabled 2 GPEs in block 00 to 07
[    0.853284] vgaarb: setting as boot device: PCI:0000:00:02.0
[    0.855387] vgaarb: device added: PCI:0000:00:02.0,decodes=io+mem,owns=io+mem,locks=none
[    0.859503] vgaarb: loaded
[    0.860741] vgaarb: bridge control possible 0000:00:02.0
[    0.862952] SCSI subsystem initialized
[    0.864753] ACPI: bus type USB registered
[    0.866610] usbcore: registered new interface driver usbfs
[    0.869435] usbcore: registered new interface driver hub
[    0.871756] usbcore: registered new device driver usb
[    0.874364] PCI: Using ACPI for IRQ routing
[    0.879086] NetLabel: Initializing
[    0.880763] NetLabel:  domain hash size = 128
[    0.882415] NetLabel:  protocols = UNLABELED CIPSOv4
[    0.884406] NetLabel:  unlabeled traffic allowed by default
[    0.887218] amd_nb: Cannot enumerate AMD northbridges
[    0.889598] clocksource: Switched to clocksource kvm-clock
[    0.903683] AppArmor: AppArmor Filesystem Enabled
[    0.906370] pnp: PnP ACPI init
[    0.909366] pnp: PnP ACPI: found 3 devices
[    0.925452] clocksource: acpi_pm: mask: 0xffffff max_cycles: 0xffffff, max_idle_ns: 2085701024 ns
[    0.929613] NET: Registered protocol family 2
[    0.931473] TCP established hash table entries: 8192 (order: 4, 65536 bytes)
[    0.934280] TCP bind hash table entries: 8192 (order: 5, 131072 bytes)
[    0.936933] TCP: Hash tables configured (established 8192 bind 8192)
[    0.939762] UDP hash table entries: 512 (order: 2, 16384 bytes)
[    0.942190] UDP-Lite hash table entries: 512 (order: 2, 16384 bytes)
[    0.944800] NET: Registered protocol family 1
[    0.946608] pci 0000:00:00.0: Limiting direct PCI/PCI transfers
[    0.949060] pci 0000:00:01.0: Activating ISA DMA hang workarounds
[    0.951306] Unpacking initramfs...
[    1.229510] Freeing initrd memory: 14880K
[    1.231174] RAPL PMU detected, API unit is 2^-32 Joules, 4 fixed counters 10737418240 ms ovfl timer
[    1.234250] hw unit of domain pp0-core 2^-0 Joules
[    1.236080] hw unit of domain package 2^-0 Joules
[    1.238447] hw unit of domain dram 2^-0 Joules
[    1.239984] hw unit of domain pp1-gpu 2^-0 Joules
[    1.241627] clocksource: tsc: mask: 0xffffffffffffffff max_cycles: 0x171023f09ff, max_idle_ns: 440795233615 ns
[    1.244838] platform rtc_cmos: registered platform RTC device (no PNP device found)
[    1.247819] Scanning for low memory corruption every 60 seconds
[    1.250130] audit: initializing netlink subsys (disabled)
[    1.251973] audit: type=2000 audit(1587654171.756:1): initialized
[    1.254053] Initialise system trusted keyring
[    1.256351] HugeTLB registered 2 MB page size, pre-allocated 0 pages
[    1.261524] zbud: loaded
[    1.263331] VFS: Disk quotas dquot_6.6.0
[    1.265155] VFS: Dquot-cache hash table entries: 512 (order 0, 4096 bytes)
[    1.271305] squashfs: version 4.0 (2009/01/31) Phillip Lougher
[    1.274210] fuse init (API version 7.23)
[    1.276425] Key type big_key registered
[    1.279508] Allocating IMA MOK and blacklist keyrings.
[    1.287862] Key type asymmetric registered
[    1.290257] Asymmetric key parser 'x509' registered
[    1.292376] Block layer SCSI generic (bsg) driver version 0.4 loaded (major 249)
[    1.296925] io scheduler noop registered
[    1.299585] io scheduler deadline registered (default)
[    1.302107] io scheduler cfq registered
[    1.304137] pci_hotplug: PCI Hot Plug PCI Core version: 0.5
[    1.306875] pciehp: PCI Express Hot Plug Controller Driver version: 0.4
[    1.313239] ACPI: AC Adapter [AC] (off-line)
[    1.314952] input: Power Button as /devices/LNXSYSTM:00/LNXPWRBN:00/input/input0
[    1.319163] ACPI: Power Button [PWRF]
[    1.320983] input: Sleep Button as /devices/LNXSYSTM:00/LNXSLPBN:00/input/input1
[    1.324283] ACPI: Sleep Button [SLPF]
[    1.328152] ACPI: Battery Slot [BAT0] (battery present)
[    1.330072] GHES: HEST is not enabled!
[    1.331745] Serial: 8250/16550 driver, 32 ports, IRQ sharing enabled
[    1.354698] 00:02: ttyS0 at I/O 0x3f8 (irq = 4, base_baud = 115200) is a 16550A
[    1.359239] Linux agpgart interface v0.103
[    1.363566] loop: module loaded
[    1.366074] scsi host0: ata_piix
[    1.367688] scsi host1: ata_piix
[    1.368975] ata1: PATA max UDMA/33 cmd 0x1f0 ctl 0x3f6 bmdma 0xd000 irq 14
[    1.371380] ata2: PATA max UDMA/33 cmd 0x170 ctl 0x376 bmdma 0xd008 irq 15
[    1.373984] libphy: Fixed MDIO Bus: probed
[    1.375530] tun: Universal TUN/TAP device driver, 1.6
[    1.377946] tun: (C) 1999-2004 Max Krasnyansky <maxk@qualcomm.com>
[    1.380092] PPP generic driver version 2.4.2
[    1.381713] ehci_hcd: USB 2.0 'Enhanced' Host Controller (EHCI) Driver
[    1.383690] ehci-pci: EHCI PCI platform driver
[    1.385093] ehci-platform: EHCI generic platform driver
[    1.387145] ohci_hcd: USB 1.1 'Open' Host Controller (OHCI) Driver
[    1.389283] ohci-pci: OHCI PCI platform driver
[    1.390751] ohci-platform: OHCI generic platform driver
[    1.392356] uhci_hcd: USB Universal Host Controller Interface driver
[    1.394686] i8042: PNP: PS/2 Controller [PNP0303:PS2K,PNP0f03:PS2M] at 0x60,0x64 irq 1,12
[    1.398593] serio: i8042 KBD port at 0x60,0x64 irq 1
[    1.400315] serio: i8042 AUX port at 0x60,0x64 irq 12
[    1.402231] mousedev: PS/2 mouse device common for all mice
[    1.404580] input: AT Translated Set 2 keyboard as /devices/platform/i8042/serio0/input/input2
[    1.407918] rtc_cmos rtc_cmos: rtc core: registered rtc_cmos as rtc0
[    1.409971] rtc_cmos rtc_cmos: alarms up to one day, 114 bytes nvram
[    1.412193] i2c /dev entries driver
[    1.413603] device-mapper: uevent: version 1.0.3
[    1.415721] device-mapper: ioctl: 4.34.0-ioctl (2015-10-28) initialised: dm-devel@redhat.com
[    1.419518] ledtrig-cpu: registered to indicate activity on CPUs
[    1.422236] NET: Registered protocol family 10
[    1.423917] NET: Registered protocol family 17
[    1.425339] Key type dns_resolver registered
[    1.428131] registered taskstats version 1
[    1.429678] Loading compiled-in X.509 certificates
[    1.432145] Loaded X.509 cert 'Build time autogenerated kernel key: c2b7431ed9258328a3a0cf301f850647788d8e61'
[    1.435223] zswap: loaded using pool lzo/zbud
[    1.439507] Key type trusted registered
[    1.446209] Key type encrypted registered
[    1.448363] AppArmor: AppArmor sha1 policy hashing enabled
[    1.450484] ima: No TPM chip found, activating TPM-bypass!
[    1.452172] ima: Allocated hash algorithm: sha1
[    1.453667] evm: HMAC attrs: 0x1
[    1.455543]   Magic number: 0:269:33
[    1.460190] rtc_cmos rtc_cmos: setting system clock to 2020-04-23 15:02:42 UTC (1587654162)
[    1.464067] BIOS EDD facility v0.16 2004-Jun-25, 0 devices found
[    1.468027] EDD information not available.
[    1.685043] Freeing unused kernel memory: 1488K
[    1.687840] Write protecting the kernel read-only data: 14336k
[    1.691339] Freeing unused kernel memory: 1604K
[    1.693130] Freeing unused kernel memory: 64K
Loading, please wait...
starting version 229
[    1.715299] random: systemd-udevd: uninitialized urandom read (16 bytes read, 3 bits of entropy available)
[    1.715534] random: udevadm: uninitialized urandom read (16 bytes read, 3 bits of entropy available)
[    1.715558] random: udevadm: uninitialized urandom read (16 bytes read, 3 bits of entropy available)
[    1.729338] random: udevadm: uninitialized urandom read (16 bytes read, 3 bits of entropy available)
[    1.729392] random: udevadm: uninitialized urandom read (16 bytes read, 3 bits of entropy available)
[    1.729715] random: udevadm: uninitialized urandom read (16 bytes read, 3 bits of entropy available)
[    1.729821] random: udevadm: uninitialized urandom read (16 bytes read, 3 bits of entropy available)
[    1.729878] random: udevadm: uninitialized urandom read (16 bytes read, 3 bits of entropy available)
[    1.729947] random: udevadm: uninitialized urandom read (16 bytes read, 3 bits of entropy available)
[    1.730020] random: udevadm: uninitialized urandom read (16 bytes read, 3 bits of entropy available)
[    1.805274] e1000: Intel(R) PRO/1000 Network Driver - version 7.3.21-k8-NAPI
[    1.809194] e1000: Copyright (c) 1999-2006 Intel Corporation.
[    1.813438] Fusion MPT base driver 3.04.20
[    1.815230] Copyright (c) 1999-2008 LSI Corporation
[    1.824146] Fusion MPT SPI Host driver 3.04.20
[    1.862576] AVX2 version of gcm_enc/dec engaged.
[    1.864138] AES CTR mode by8 optimization enabled
[    2.031276] input: ImExPS/2 Generic Explorer Mouse as /devices/platform/i8042/serio1/input/input4
[    2.287706] e1000 0000:00:03.0 eth0: (PCI:33MHz:32-bit) 02:90:e9:96:cf:60
[    2.291099] e1000 0000:00:03.0 eth0: Intel(R) PRO/1000 Network Connection
[    2.294696] mptbase: ioc0: Initiating bringup
[    3.246421] ioc0: LSI53C1030 A0: Capabilities={Initiator}
[    5.351449] scsi host2: ioc0: LSI53C1030 A0, FwRev=00000000h, Ports=1, MaxQ=256, IRQ=20
[    6.969840] scsi 2:0:0:0: Direct-Access     VBOX     HARDDISK         1.0  PQ: 0 ANSI: 5
[    6.974473] scsi target2:0:0: Beginning Domain Validation
[    6.982156] scsi target2:0:0: Domain Validation skipping write tests
[    6.984004] scsi target2:0:0: Ending Domain Validation
[    6.988037] scsi target2:0:0: asynchronous
[    6.991249] scsi 2:0:1:0: Direct-Access     VBOX     HARDDISK         1.0  PQ: 0 ANSI: 5
[    7.009406] scsi target2:0:1: Beginning Domain Validation
[    7.015425] scsi target2:0:1: Domain Validation skipping write tests
[    7.019737] scsi target2:0:1: Ending Domain Validation
[    7.022150] scsi target2:0:1: asynchronous
[    7.051222] sd 2:0:0:0: Attached scsi generic sg0 type 0
[    7.054591] sd 2:0:1:0: Attached scsi generic sg1 type 0
[    7.059405] sd 2:0:0:0: [sda] 20971520 512-byte logical blocks: (10.7 GB/10.0 GiB)
[    7.066767] sd 2:0:1:0: [sdb] 20480 512-byte logical blocks: (10.5 MB/10.0 MiB)
[    7.071398] sd 2:0:1:0: [sdb] Write Protect is off
[    7.074699] sd 2:0:0:0: [sda] Write Protect is off
[    7.079068] sd 2:0:1:0: [sdb] Incomplete mode parameter data
[    7.082592] sd 2:0:1:0: [sdb] Assuming drive cache: write through
[    7.086646] sd 2:0:0:0: [sda] Incomplete mode parameter data
[    7.091879] sd 2:0:0:0: [sda] Assuming drive cache: write through
[    7.099454] sd 2:0:1:0: [sdb] Attached SCSI disk
[    7.101588]  sda: sda1
[    7.106550] sd 2:0:0:0: [sda] Attached SCSI disk
[    7.681936] e1000 0000:00:08.0 eth1: (PCI:33MHz:32-bit) 08:00:27:40:54:0c
[    7.685138] e1000 0000:00:08.0 eth1: Intel(R) PRO/1000 Network Connection
[    7.689426] e1000 0000:00:03.0 enp0s3: renamed from eth0
[    7.710756] e1000 0000:00:08.0 enp0s8: renamed from eth1
Begin: Loading essential drivers ... [    9.123007] md: linear personality registered for level -1
[    9.128766] md: multipath personality registered for level -4
[    9.134106] md: raid0 personality registered for level 0
[    9.141396] md: raid1 personality registered for level 1
[    9.214169] raid6: sse2x1   gen()  7403 MB/s
[    9.281905] raid6: sse2x1   xor()  5791 MB/s
[    9.349854] raid6: sse2x2   gen()  9466 MB/s
[    9.418169] raid6: sse2x2   xor()  6260 MB/s
[    9.485900] raid6: sse2x4   gen() 10333 MB/s
[    9.553840] raid6: sse2x4   xor()  6303 MB/s
[    9.621899] raid6: avx2x1   gen() 10663 MB/s
[    9.689774] raid6: avx2x2   gen()  8196 MB/s
[    9.765942] raid6: avx2x4   gen()  2076 MB/s
[    9.769432] raid6: using algorithm avx2x1 gen() 10663 MB/s
[    9.774118] raid6: using avx2x2 recovery algorithm
[    9.789519] xor: automatically using best checksumming function:
[    9.837840]    avx       : 17830.000 MB/sec
[    9.840943] async_tx: api initialized (async)
[    9.860541] md: raid6 personality registered for level 6
[    9.863282] md: raid5 personality registered for level 5
[    9.865558] md: raid4 personality registered for level 4
[    9.880446] md: raid10 personality registered for level 10
done.
Begin: Running /scripts/init-premount ... done.
Begin: Mounting root file system ... Begin: Running /scripts/local-top ... done.
Begin: Running /scripts/local-premount ... [    9.938552] Btrfs loaded
Scanning for Btrfs filesystems
done.
Warning: fsck not present, so skipping root file system
[   10.085085] EXT4-fs (sda1): mounted filesystem with ordered data mode. Opts: (null)
done.
Begin: Running /scripts/local-bottom ... done.
Begin: Running /scripts/init-bottom ... done.
[   10.748327] systemd[1]: systemd 229 running in system mode. (+PAM +AUDIT +SELINUX +IMA +APPARMOR +SMACK +SYSVINIT +UTMP +LIBCRYPTSETUP +GCRYPT +GNUTLS +ACL +XZ -LZ4 +SECCOMP +BLKID +ELFUTILS +KMOD -IDN)
[   10.761205] systemd[1]: Detected virtualization oracle.
[   10.763956] systemd[1]: Detected architecture x86-64.

Welcome to [1mUbuntu 16.04.6 LTS[0m!

[   10.786016] systemd[1]: Set hostname to <ubuntu>.
[   10.806589] systemd[1]: Initializing machine ID from random generator.
[   10.811573] systemd[1]: Installed transient /etc/machine-id file.
[   12.232570] systemd[1]: Listening on udev Kernel Socket.
[[0;32m  OK  [0m] Listening on udev Kernel Socket.
[   12.242599] systemd[1]: Reached target System Time Synchronized.
[[0;32m  OK  [0m] Reached target System Time Synchronized.
[   12.594478] systemd[1]: Listening on LVM2 poll daemon socket.
[[0;32m  OK  [0m] Listening on LVM2 poll daemon socket.
[   12.628785] systemd[1]: Listening on Device-mapper event daemon FIFOs.
[[0;32m  OK  [0m] Listening on Device-mapper event daemon FIFOs.
[   12.634006] systemd[1]: Reached target User and Group Name Lookups.
[[0;32m  OK  [0m] Reached target User and Group Name Lookups.
[   12.638393] systemd[1]: Listening on Journal Audit Socket.
[[0;32m  OK  [0m] Listening on Journal Audit Socket.
[   12.641950] systemd[1]: Listening on /dev/initctl Compatibility Named Pipe.
[[0;32m  OK  [0m] Listening on /dev/initctl Compatibility Named Pipe.
[   12.648737] systemd[1]: Set up automount Arbitrary Executable File Formats File System Automount Point.
[[0;32m  OK  [0m] Set up automount Arbitrary Executab...ats File System Automount Point.
[   12.654879] systemd[1]: Started Trigger resolvconf update for networkd DNS.
[[0;32m  OK  [0m] Started Trigger resolvconf update for networkd DNS.
[   12.659694] systemd[1]: Listening on Journal Socket.
[[0;32m  OK  [0m] Listening on Journal Socket.
[   12.663716] systemd[1]: Created slice System Slice.
[[0;32m  OK  [0m] Created slice System Slice.
[   12.838170] systemd[1]: Starting Remount Root and Kernel File Systems...
         Starting Remount Root and Kernel File Systems...[   12.843402] random: nonblocking pool is initialized

[   12.847256] systemd[1]: Mounting Debug File System...
         Mounting Debug File System...
[   12.857760] systemd[1]: Created slice system-serial\x2dgetty.slice.
[[0;32m  OK  [0m] Created slice system-serial\x2dgetty.slice.
[   12.874119] EXT4-fs (sda1): re-mounted. Opts: (null)
[   12.889977] systemd[1]: Mounting POSIX Message Queue File System...
         Mounting POSIX Message Queue File System...
[   12.906586] systemd[1]: Listening on LVM2 metadata daemon socket.
[[0;32m  OK  [0m] Listening on LVM2 metadata daemon socket.
[   12.926620] systemd[1]: Starting Create list of required static device nodes for the current kernel...
         Starting Create list of required st... nodes for the current kernel...
[   12.938425] systemd[1]: Starting Uncomplicated firewall...
         Starting Uncomplicated firewall...
[   12.943255] systemd[1]: Listening on Journal Socket (/dev/log).
[[0;32m  OK  [0m] Listening on Journal Socket (/dev/log).
[   12.950529] systemd[1]: Starting Set console keymap...
         Starting Set console keymap...
[   12.956258] systemd[1]: Starting Nameserver information manager...
         Starting Nameserver information manager...
[   12.964721] systemd[1]: Listening on udev Control Socket.
[[0;32m  OK  [0m] Listening on udev Control Socket.
[   12.969154] systemd[1]: Started Forward Password Requests to Wall Directory Watch.
[[0;32m  OK  [0m] Started Forward Password Requests to Wall Directory Watch.
[   12.974786] systemd[1]: Reached target Swap.
[[0;32m  OK  [0m] Reached target Swap.
[   12.998021] systemd[1]: Starting Load Kernel Modules...
         Starting Load Kernel Modules...
[   13.001854] systemd[1]: Reached target Encrypted Volumes.
[[0;32m  OK  [0m] Reached target Encrypted Volumes.
[   13.010390] systemd[1]: Starting Monitoring of LVM2 mirrors, snapshots etc. using dmeventd or progress polling...
         Starting Monitoring of LVM2 mirrors... dmeventd or progress polling...
[   13.031595] systemd[1]: Listening on Syslog Socket.
[[0;32m  OK  [0m] Listening on Syslog Socket.
[   13.049662] Loading iSCSI transport class v2.0-870.
[   13.054855] systemd[1]: Starting Journal Service...
         Starting Journal Service...
[   13.065382] systemd[1]: Created slice User and Session Slice.
[[0;32m  OK  [0m] Created slice User and Session Slice.
[   13.072468] systemd[1]: Reached target Slices.
[[0;32m  OK  [0m] Reached target Slices.
[   13.081708] iscsi: registered transport (tcp)
[   13.084548] systemd[1]: Mounting Huge Pages File System...
         Mounting Huge Pages File System...
[   13.099570] systemd[1]: Mounted POSIX Message Queue File System.
[[0;32m  OK  [0m] Mounted POSIX Message Queue File System.
[   13.103943] systemd[1]: Mounted Huge Pages File System.
[[0;32m  OK  [0m] Mounted Huge Pages File System.
[   13.116785] systemd[1]: Mounted Debug File System.
[[0;32m  OK  [0m] Mounted Debug File System.
[   13.126829] systemd[1]: Started Remount Root and Kernel File Systems.
[[0;32m  OK  [0m] Started Remount Root and Kernel File Systems.
[   13.141356] systemd[1]: Started Create list of required static device nodes for the current kernel.
[[0;32m  OK  [0m] Started Create list of required sta...ce nodes for the current kernel.
[   13.163958] systemd[1]: Started Uncomplicated firewall.
[[0;32m  OK  [0m] Started Uncomplicated firewall.
[   13.176119] iscsi: registered transport (iser)
[   13.176777] systemd[1]: Started Set console keymap.
[[0;32m  OK  [0m] Started Set console keymap.
[   13.199435] systemd[1]: Started Load Kernel Modules.
[[0;32m  OK  [0m] Started Load Kernel Modules.
[   13.210782] systemd[1]: Started Journal Service.
[[0;32m  OK  [0m] Started Journal Service.
[[0;32m  OK  [0m] Started Nameserver information manager.
[[0;32m  OK  [0m] Started LVM2 metadata daemon.
         Starting Apply Kernel Variables...
         Mounting FUSE Control File System...
         Starting Create Static Device Nodes in /dev...
         Starting Flush Journal to Persistent Storage...
         Starting Load/Save Random Seed...
         Starting udev Coldplug all Devices...
[[0;32m  OK  [0m] Mounted FUSE Control File System.
[[0;32m  OK  [0m] Started Load/Save Random Seed.
[[0;32m  OK  [0m] Started Apply Kernel Variables.
[[0;32m  OK  [0m] Started Flush Journal to Persistent Storage.
[[0;32m  OK  [0m] Started Create Static Device Nodes in /dev.
         Starting udev Kernel Device Manager...
[[0;32m  OK  [0m] Started udev Coldplug all Devices.
[[0;32m  OK  [0m] Started udev Kernel Device Manager.
[[0;32m  OK  [0m] Started Dispatch Password Requests to Console Directory Watch.
[[0;32m  OK  [0m] Started Monitoring of LVM2 mirrors,...ng dmeventd or progress polling.
[[0;32m  OK  [0m] Reached target Local File Systems (Pre).
[[0;32m  OK  [0m] Reached target Local File Systems.
         Starting Tell Plymouth To Write Out Runtime Data...
         Starting Initial cloud-init job (pre-networking)...
         Starting LSB: AppArmor initialization...
         Starting Commit a transient machine-id on disk...
         Starting Create Volatile Files and Directories...
         Starting Set console font and keymap...
[[0;32m  OK  [0m] Started Create Volatile Files and Directories.
         Starting Update UTMP about System Boot/Shutdown...
[[0;32m  OK  [0m] Started Tell Plymouth To Write Out Runtime Data.
[[0;32m  OK  [0m] Started Commit a transient machine-id on disk.
[[0;32m  OK  [0m] Started Update UTMP about System Boot/Shutdown.
[[0;32m  OK  [0m] Found device /dev/ttyS0.
[[0;32m  OK  [0m] Listening on Load/Save RF Kill Switch Status /dev/rfkill Watch.
[[0;32m  OK  [0m] Started LSB: AppArmor initialization.
[[0;32m  OK  [0m] Started Set console font and keymap.
[[0;32m  OK  [0m] Created slice system-getty.slice.
[   17.019329] cloud-init[491]: Cloud-init v. 19.4-33-gbb4131a2-0ubuntu1~16.04.1 running 'init-local' at Thu, 23 Apr 2020 15:02:57 +0000. Up 16.33 seconds.
[[0;32m  OK  [0m] Started Initial cloud-init job (pre-networking).
[[0;32m  OK  [0m] Reached target Network (Pre).
         Starting Raise network interfaces...
[[0;32m  OK  [0m] Started Raise network interfaces.
[[0;32m  OK  [0m] Reached target Network.
         Starting Initial cloud-init job (metadata service crawler)...
[   19.378980] cloud-init[966]: Cloud-init v. 19.4-33-gbb4131a2-0ubuntu1~16.04.1 running 'init' at Thu, 23 Apr 2020 15:02:59 +0000. Up 18.01 seconds.
[   19.398750] cloud-init[966]: ci-info: ++++++++++++++++++++++++++++++++++++++Net device info+++++++++++++++++++++++++++++++++++++++
[   19.414626] cloud-init[966]: ci-info: +--------+-------+----------------------------+---------------+--------+-------------------+
[   19.429382] cloud-init[966]: ci-info: | Device |   Up  |          Address           |      Mask     | Scope  |     Hw-Address    |
[   19.459755] cloud-init[966]: ci-info: +--------+-------+----------------------------+---------------+--------+-------------------+
[   19.471109] cloud-init[966]: ci-info: | enp0s3 |  True |         10.0.2.15          | 255.255.255.0 | global | 02:90:e9:96:cf:60 |
[   19.491053] cloud-init[966]: ci-info: | enp0s3 |  True | fe80::90:e9ff:fe96:cf60/64 |       .       |  link  | 02:90:e9:96:cf:60 |
[   19.503509] cloud-init[966]: ci-info: | enp0s8 | False |             .              |       .       |   .    | 08:00:27:40:54:0c |
[   19.513941] cloud-init[966]: ci-info: |   lo   |  True |         127.0.0.1          |   255.0.0.0   |  host  |         .         |
[   19.527263] cloud-init[966]: ci-info: |   lo   |  True |          ::1/128           |       .       |  host  |         .         |
[   19.534992] [[0;32m  OK  [0m] Started Initial cloud-init job (metadata service crawler).
[[0;32m  OK  [0m] Reached target Cloud-config availability.
cloud-init[966]: ci-info: +--------+-------+----------------------------+---------------+--------+-------------------+
[   19.548866] [cloud-init[0;32m  OK  [0m[966]: ] ci-info: +++++++++++++++++++++++++++Route IPv4 info++++++++++++++++++++++++++++Reached target Network is Online.

[   19.555311] cloud-init[966]: ci-info: +-------+-------------+----------+---------------+-----------+-------+
[   19.557261] cloud-init[966]: ci-info: | Route | Destination | Gateway  |    Genmask    | Interface | Flags |
[   19.559342] cloud-init[966]: ci-info: +-------+-------------+----------+---------------+-----------+-------+
[   19.563280] cloud-init[966]: ci-info: |   0   |   0.0.0.0   | 10.0.2.2 |    0.0.0.0    |   enp0s3  |   UG  |
         Starting iSCSI initiator daemon (iscsid)...[   19.587879] cloud-init[966]: ci-info: |   1   |   10.0.2.0  | 0.0.0.0  | 255.255.255.0 |   enp0s3  |   U   |

[   19.589643] cloud-init[966]: ci-info: +-------+-------------+----------+---------------+-----------+-------+
[   19.592234] cloud-init[966]: ci-info: +++++++++++++++++++Route IPv6 info+++++++++++++++++++
[   19.592327] cloud-init[966]: ci-info: +-------+-------------+---------+-----------+-------+
[[0;32m  OK  [0m] Reached target System Initialization.
[[   19.592505] [0;32m  OK  [0mcloud-init] [966]: Started Message of the Day.ci-info: | Route | Destination | Gateway | Interface | Flags |

[[0;32m  OK  [0m] Started Daily apt download activities.
[   19.619395] cloud-init[966]: ci-info: +-------+-------------+---------+-----------+-------+
[   19.672950] cloud-init[966]: ci-info: |   0   |  fe80::/64  |    ::   |   enp0s3  |   U   |
[[0;32m  OK  [0m] Started ACPI Events Check.
[[0;32m  OK  [0m] Reached target Paths.
[   19.673428] cloud-init[966]: ci-info: |   3   |   ff00::/8  |    ::   |   enp0s3  |   U   |
[   19.687633] cloud-init[966]: ci-info: +-------+-------------+---------+-----------+-------+
         Starting LXD - unix socket.[   19.691657] cloud-init[966]: Generating public/private rsa key pair.
[   19.694170] cloud-init[966]: Your identification has been saved in /etc/ssh/ssh_host_rsa_key.
[   19.697289] cloud-init[966]: Your public key has been saved in /etc/ssh/ssh_host_rsa_key.pub.
[   19.698315] cloud-init[966]: The key fingerprint is:
[   19.706542] cloud-init[966]: SHA256:lX8ZDa+j9U/j3sSquvGUvcG7wTvI1+0Qxf4btACMa74 root@ubuntu-xenial
[   19.707046] cloud-init[966]: The key's randomart image is:
[   19.710815] cloud-init[966]: +---[RSA 2048]----+
[   19.712614] cloud-init[966]: |              .  |
[   19.715281] cloud-init[966]: |          o.   = |
[   19.718707] cloud-init[966]: |         .oo  . =|
[   19.718765] cloud-init[966]: |         ....  * |
[   19.718807] cloud-init[966]: |        So  ..B..|
[   19.718914] 
cloud-init[966]: |        o    Oo=o|
[[   19.728157] cloud-init[966]: |         ...+.B=B|
[   19.728766] cloud-init[966]: |          .+o +@O|
[0;32m  OK  [0m] Listening on D-Bus System Message Bus Socket.
[   19.730035] cloud-init[966]: |         EooooBB+|
[   19.746741] cloud-init[966]: +----[SHA256]-----+
[   19.754537] cloud-init[966]: Generating public/private dsa key pair.
[   19.755147] cloud-init[966]: Your identification has been saved in /etc/ssh/ssh_host_dsa_key.
[   19.758486] cloud-init[966]: Your public key has been saved in /etc/ssh/ssh_host_dsa_key.pub.
[   19.759294] cloud-init[966]: The key fingerprint is:
[   19.759343] cloud-init[966]: SHA256:HyJJdX5Phh6gjypItS8P543atknJe0N5AwV2azJkny4 root@ubuntu-xenial
[   19.759383] cloud-init[966]: The key's randomart image is:
         Starting Socket activation for snappy daemon.
[   19.759422] cloud-init[966]: +---[DSA 1024]----+
[   19.776611] cloud-init[966]: |        *.+      |
[   19.776903] cloud-init[966]: |       = *.+ .   |
[[0;32m  OK  [0m] [   19.779602] cloud-init[966]: |    . . +.* + o  |
[   19.781103] cloud-init[966]: |   . o ..B o =   |
[   19.784426] cloud-init[966]: |  . . o Eo+ . .  |
Listening on UUID daemon activation socket.
[   19.786360] cloud-init[966]: | . . o +o+o.     |
[   19.788170] cloud-init[966]: |  . + B. ...     |
[   19.792594] cloud-init[966]: |     X.=o        |
[   19.793223] cloud-init[966]: |    .oOo..       |
[[0;32m  OK  [0m] Started Daily apt upgrade and clean activities.
[[   19.795079] cloud-init[966]: +----[SHA256]-----+
[   19.797803] cloud-init[966]: Generating public/private ecdsa key pair.
[0;32m  OK  [0m] Listening on ACPID Listen Socket.
[[0;32m  OK  [0m] Started Daily Cleanup of Temporary Directories.
[[0;32m  OK  [0m] Reached target Timers.
[   19.801108] cloud-init[966]: Your identification has been saved in /etc/ssh/ssh_host_ecdsa_key.
[   19.818751] cloud-init[966]: Your public key has been saved in /etc/ssh/ssh_host_ecdsa_key.pub.
[   19.820570] cloud-init[966]: The key fingerprint is:
[   19.821997] cloud-init[966]: SHA256:xfq0LsDYKn0LrJZuqoW73dvSfkHpdZRgtp3Zb9HFQe0 root@ubuntu-xenial
[   19.823977] cloud-init[966]: The key's randomart image is:
[   19.833895] cloud-init[966]: +---[ECDSA 256]---+
[[0;32m  OK  [0m] Listening on LXD - unix socket.
[[0;32m  OK  [0m] Listening on Socket activation for snappy daemon.
[   19.845077] [[0;32m  OK  [0mcloud-init] [966]: Started iSCSI initiator daemon (iscsid).|          +. ..++|

[   19.857112] cloud-init[966]: |         + oo+  =|
[   19.864999] cloud-init[966]: |         .+.+ .o.|
[   19.880801]          cloud-initStarting Login to default iSCSI targets...[966]: 
|        oo. .  .E|
[   19.885242] [cloud-init[0;32m  OK  [0m[966]: ] |     + oS...    o|Reached target Sockets.

[[0;32m  OK  [0m] Reached target Basic System.
[   19.885969] cloud-init[966]: | . .. + oo .   . |
[   19.890512] [[0;32m  OK  [0m] Started Deferred execution scheduler.
cloud-init[966]: |. .ooo . .o      |
[   19.894166]          Starting /etc/rc.local Compatibility...
cloud-init[966]: | +=o+oo o.       |
[[0;32m  OK  [0m] Started D-Bus System Message Bus.
[   19.908879] cloud-init[966]: |**+.o=+o ..      |
[   19.919470] cloud-init[966]: +----[SHA256]-----+
[   19.921158] cloud-init[966]: Generating public/private ed25519 key pair.
[   19.924117] cloud-init[966]: Your identification has been saved in /etc/ssh/ssh_host_ed25519_key.
[   19.933793] cloud-init[966]: Your public key has been saved in /etc/ssh/ssh_host_ed25519_key.pub.
[   19.944698] cloud-init[966]: The key fingerprint is:
[   19.946957] cloud-init[966]: SHA256:2uHrv7LVDHY1TWucFkGiD0YXeBEH1a/TYbJTAj+42V0 root@ubuntu-xenial
[   19.957362] cloud-init[966]: The key's randomart image is:
[   19.964579] cloud-init[966]: +--[ED25519 256]--+
[   19.968166] cloud-init[966]: |           ..BB*+|
[   19.970383] cloud-init[966]: |          .oo.+o=|
[   19.976957] cloud-init[966]: |           += o*o|
[   19.984505] cloud-init[966]: |          ..o*o=E|
[   19.987167] cloud-init[966]: |        S o =.Ooo|
[   19.989079] cloud-init[966]: |       + o B +o..|
[   19.996513] cloud-init[966]: |      . o . o .. |
[   20.004455] cloud-init[966]: |        .o       |
[   20.008143] cloud-init[966]: |       .++o.     |
[   20.009983] cloud-init[966]: +----[SHA256]-----+
         Starting Pollinate to seed the pseudo random number generator...
[[0;32m  OK  [0m] Started Regular background program processing daemon.
         Starting System Logging Service...
[[0;32m  OK  [0m] Started ACPI event daemon.
         Starting Virtualbox guest utils...
         Starting LSB: MD monitoring daemon...
[[0;32m  OK  [0m] Started FUSE filesystem for LXC.
         Starting LSB: Record successful boot for GRUB...
         Starting Snappy daemon...
         Starting Login Service...
         Starting Accounts Service...
         Starting LXD - container startup/shutdown...
[[0;32m  OK  [0m] Started /etc/rc.local Compatibility.
[[0;32m  OK  [0m] Started Login Service.
[[0;32m  OK  [0m] Started Unattended Upgrades Shutdown.
[[0;32m  OK  [0m] Started System Logging Service.
[[0;32m  OK  [0m] Started Login to default iSCSI targets.
[[0;32m  OK  [0m] Reached target Remote File Systems (Pre).
[[0;32m  OK  [0m] Reached target Remote File Systems.
         Starting LSB: Set the CPU Frequency Scaling governor to "ondemand"...
         Starting LSB: daemon to balance interrupts for SMP systems...
         Starting LSB: automatic crash report generation...
         Starting Permit User Sessions...
[[0;32m  OK  [0m] Started LSB: MD monitoring daemon.
[[0;32m  OK  [0m] Started LSB: Record successful boot for GRUB.
[[0;32m  OK  [0m] Started Permit User Sessions.
         Starting Hold until boot process finishes up...
         Starting Terminate Plymouth Boot Screen...
[[0;32m  OK  [0m] Started Hold until boot process finishes up.
         Starting Set console scheme...
[[0;32m  OK  [0m] Started Serial Getty on ttyS0.
[[0;32m  OK  [0m] Started Getty on tty1.
[[0;32m  OK  [0m] Reached target Login Prompts.
[[0;32m  OK  [0m] Started Terminate Plymouth Boot Screen.
[[0;32m  OK  [0m] Started Set console scheme.
         Starting Authenticate and Authorize Users to Run Privileged Tasks...
[[0;32m  OK  [0m] Started LSB: Set the CPU Frequency Scaling governor to "ondemand".
[[0;32m  OK  [0m] Started LSB: daemon to balance interrupts for SMP systems.
[[0;32m  OK  [0m] Started LSB: automatic crash report generation.
[[0;32m  OK  [0m] Started Authenticate and Authorize Users to Run Privileged Tasks.
[[0;32m  OK  [0m] Started Accounts Service.
[[0;32m  OK  [0m] Started Virtualbox guest utils.
[[0;32m  OK  [0m] Started LXD - container startup/shutdown.
[[0;32m  OK  [0m] Started Snappy daemon.
         Starting Wait until snapd is fully seeded...
[[0;32m  OK  [0m] Started Pollinate to seed the pseudo random number generator.
         Starting OpenBSD Secure Shell server...
[[0;32m  OK  [0m] Started OpenBSD Secure Shell server.
[[0;32m  OK  [0m] Started Wait until snapd is fully seeded.
         Starting Apply the settings specified in cloud-config...
[[0;32m  OK  [0m] Reached target Multi-User System.
[[0;32m  OK  [0m] Reached target Graphical Interface.
         Starting Update UTMP about System Runlevel Changes...
[[0;32m  OK  [0m] Started Update UTMP about System Runlevel Changes.
[[0;32m  OK  [0m] Created slice User Slice of vagrant.
         Starting User Manager for UID 1000...
[[0;32m  OK  [0m] Started Session 1 of user vagrant.
[[0;32m  OK  [0m] Started User Manager for UID 1000.
[   24.139422] cloud-init[1328]: Generating locales (this might take a while)...

Ubuntu 16.04.6 LTS ubuntu-xenial ttyS0

ubuntu-xenial login: [   26.668469] cloud-init[1328]:   en_US.UTF-8... done
[   26.676885] cloud-init[1328]: Generation complete.
[   28.529397] cloud-init[1328]: Cloud-init v. 19.4-33-gbb4131a2-0ubuntu1~16.04.1 running 'modules:config' at Thu, 23 Apr 2020 15:03:05 +0000. Up 23.83 seconds.
ci-info: no authorized SSH keys fingerprints found for user ubuntu.
<14>Apr 23 15:03:10 ec2: 
<14>Apr 23 15:03:10 ec2: #############################################################
<14>Apr 23 15:03:10 ec2: -----BEGIN SSH HOST KEY FINGERPRINTS-----
<14>Apr 23 15:03:10 ec2: 1024 SHA256:HyJJdX5Phh6gjypItS8P543atknJe0N5AwV2azJkny4 root@ubuntu-xenial (DSA)
<14>Apr 23 15:03:10 ec2: 256 SHA256:xfq0LsDYKn0LrJZuqoW73dvSfkHpdZRgtp3Zb9HFQe0 root@ubuntu-xenial (ECDSA)
<14>Apr 23 15:03:10 ec2: 256 SHA256:2uHrv7LVDHY1TWucFkGiD0YXeBEH1a/TYbJTAj+42V0 root@ubuntu-xenial (ED25519)
<14>Apr 23 15:03:10 ec2: 2048 SHA256:lX8ZDa+j9U/j3sSquvGUvcG7wTvI1+0Qxf4btACMa74 root@ubuntu-xenial (RSA)
<14>Apr 23 15:03:10 ec2: -----END SSH HOST KEY FINGERPRINTS-----
<14>Apr 23 15:03:10 ec2: #############################################################
-----BEGIN SSH HOST KEY KEYS-----
ecdsa-sha2-nistp256 AAAAE2VjZHNhLXNoYTItbmlzdHAyNTYAAAAIbmlzdHAyNTYAAABBBKyGnByu3JxffUUZsY/Na2YnOUxRYAlUTuTeGiei0SMaGCy0lhvCy80bfulXwchrpw8Tn0Z98IimbVMBeQM1h0I= root@ubuntu-xenial
ssh-ed25519 AAAAC3NzaC1lZDI1NTE5AAAAICQzyRHVz7dFLblz4QPn+QK5TPLBULoa53kMepVV3Al0 root@ubuntu-xenial
ssh-rsa AAAAB3NzaC1yc2EAAAADAQABAAABAQC+ONvyAgjue6jC3oF2FLu1gV26UoZe2NB26onPIZRDVRY0tbtwipqXLTDTdetwBt6WpAPZZtf+s2Yiym+3IELb8l8SpWXL7ASRPSkl6el2YGvIrtOw3I7OlHwIXHEhVJsUr67lw1QI/2YoWMWqoUogvzm2Mee3/Er1t5RczxMo++CTzg/1NaZiQ6OfOFh27UW/GdpmgRFGEHD7ht2jsH6p/qmvxYQfqW5uwW8xGkQOKUljC58X79bwdQUNP8K+COimwT+es44BMqBJDUX/jfNIkYSvolML4bhc0zeop+59TpBRclBPcKXWt3U1pwMNUoZLcF8MpYW73GXu8fw+66pf root@ubuntu-xenial
-----END SSH HOST KEY KEYS-----
[   29.666935] cloud-init[1624]: Cloud-init v. 19.4-33-gbb4131a2-0ubuntu1~16.04.1 running 'modules:final' at Thu, 23 Apr 2020 15:03:10 +0000. Up 29.27 seconds.
[   29.672532] cloud-init[1624]: ci-info: no authorized SSH keys fingerprints found for user ubuntu.
[   29.672693] cloud-init[1624]: Cloud-init v. 19.4-33-gbb4131a2-0ubuntu1~16.04.1 finished at Thu, 23 Apr 2020 15:03:11 +0000. Datasource DataSourceNoCloud [seed=/dev/sdb][dsmode=net].  Up 29.62 seconds
